{"synthetic": false,
 "schemaVersion": "2025-09-10",
 "outputs":
 {"o": ["70323de1563724b6.olean"],
  "i": "d08b80a23a41f14d.ilean",
  "c": "a710c472dac9f220.c"},
 "log":
 [{"message":
   ".> LEAN_PATH=/Users/administrator/grad/SALT/src/verification/lean/.lake/build/lib/lean /Users/administrator/.elan/toolchains/leanprover--lean4---v4.29.0/bin/lean /Users/administrator/grad/SALT/src/verification/lean/SALT/Kernel/QS8VAdd/RVV.lean -o /Users/administrator/grad/SALT/src/verification/lean/.lake/build/lib/lean/SALT/Kernel/QS8VAdd/RVV.olean -i /Users/administrator/grad/SALT/src/verification/lean/.lake/build/lib/lean/SALT/Kernel/QS8VAdd/RVV.ilean -c /Users/administrator/grad/SALT/src/verification/lean/.lake/build/ir/SALT/Kernel/QS8VAdd/RVV.c --setup /Users/administrator/grad/SALT/src/verification/lean/.lake/build/ir/SALT/Kernel/QS8VAdd/RVV.setup.json --json",
   "level": "trace"}],
 "inputs":
 [["SALT.Kernel.QS8VAdd.RVV:deps",
   [["deps",
     [["SALT/SALT:extraDep", [["@SALT:extraDep", "00000000000006bb"]]],
      ["imports",
       [["SALT.Intrinsics.RVV transitive imports (legacy)", "ead7d9bfb281b71d"],
        ["SALT.Intrinsics.RVV:importAllArts", "564f71f1cf07c9c3"],
        ["SALT.Kernel.QS8.Params transitive imports (legacy)",
         "ead7d9bfb281b71d"],
        ["SALT.Kernel.QS8.Params:importAllArts", "eadb5fabc208fbfa"]]]]],
    ["libs",
     [["import dynlibs", "00000000000006bb"],
      ["package external libraries", "00000000000006bb"],
      ["module dynlibs", "00000000000006bb"],
      ["module plugins", "00000000000006bb"]]]]],
  ["Lean 4.29.0, commit 98dc76e3c0a9b856c9b98726b713fb04fab16740",
   "60bb08ef22408c8a"],
  ["/Users/administrator/grad/SALT/src/verification/lean/SALT/Kernel/QS8VAdd/RVV.lean",
   "60f94b88e07d8fb7"],
  ["options", [["-DautoImplicit=false", "4a85acb881fd49d0"]]],
  ["isModule: false", "feefd2a0d3a1847e"],
  ["Module.name: SALT.Kernel.QS8VAdd.RVV", "69fd9df1257ade60"],
  ["Package.id?: (some SALT)", "0189f20f62037cfa"],
  ["Module.leanArgs: #[]", "00000000000006bb"]],
 "depHash": "6763f29414880c80"}