{"synthetic": false,
 "schemaVersion": "2025-09-10",
 "outputs":
 {"o": ["892cfb06cfa53bd8.olean"],
  "i": "186ab78d46ea55c9.ilean",
  "c": "82ef96aadb5d8bbe.c"},
 "log":
 [{"message":
   ".> LEAN_PATH=/Users/administrator/grad/SALT/src/verification/lean/.lake/build/lib/lean /Users/administrator/.elan/toolchains/leanprover--lean4---v4.29.0/bin/lean /Users/administrator/grad/SALT/src/verification/lean/SALT/Proof/ChunkEquiv.lean -o /Users/administrator/grad/SALT/src/verification/lean/.lake/build/lib/lean/SALT/Proof/ChunkEquiv.olean -i /Users/administrator/grad/SALT/src/verification/lean/.lake/build/lib/lean/SALT/Proof/ChunkEquiv.ilean -c /Users/administrator/grad/SALT/src/verification/lean/.lake/build/ir/SALT/Proof/ChunkEquiv.c --setup /Users/administrator/grad/SALT/src/verification/lean/.lake/build/ir/SALT/Proof/ChunkEquiv.setup.json --json",
   "level": "trace"}],
 "inputs":
 [["SALT.Proof.ChunkEquiv:deps",
   [["deps",
     [["SALT/SALT:extraDep", [["@SALT:extraDep", "00000000000006bb"]]],
      ["imports",
       [["SALT.Kernel.Neon transitive imports (legacy)", "a9fe0110e2baf418"],
        ["SALT.Kernel.Neon:importAllArts", "e31b86865c58adbd"],
        ["SALT.Kernel.RVV transitive imports (legacy)", "1d1b57c5595da135"],
        ["SALT.Kernel.RVV:importAllArts", "fb9b2252a7719b70"]]]]],
    ["libs",
     [["import dynlibs", "00000000000006bb"],
      ["package external libraries", "00000000000006bb"],
      ["module dynlibs", "00000000000006bb"],
      ["module plugins", "00000000000006bb"]]]]],
  ["Lean 4.29.0, commit 98dc76e3c0a9b856c9b98726b713fb04fab16740",
   "60bb08ef22408c8a"],
  ["/Users/administrator/grad/SALT/src/verification/lean/SALT/Proof/ChunkEquiv.lean",
   "3d2a5f294c2d2ea1"],
  ["options", [["-DautoImplicit=false", "4a85acb881fd49d0"]]],
  ["isModule: false", "feefd2a0d3a1847e"],
  ["Module.name: SALT.Proof.ChunkEquiv", "d5fdb0e5d643ad5c"],
  ["Package.id?: (some SALT)", "0189f20f62037cfa"],
  ["Module.leanArgs: #[]", "00000000000006bb"]],
 "depHash": "c38590048138a54a"}