{"synthetic": false,
 "schemaVersion": "2025-09-10",
 "outputs":
 {"o": ["668767735bf916a9.olean"],
  "i": "ba0f998fdc16d2db.ilean",
  "c": "13dd766ccc746607.c"},
 "log":
 [{"message":
   ".> LEAN_PATH=/Users/administrator/grad/SALT/src/verification/lean/.lake/build/lib/lean /Users/administrator/.elan/toolchains/leanprover--lean4---v4.29.0/bin/lean /Users/administrator/grad/SALT/src/verification/lean/SALT/Proof/Equivalence.lean -o /Users/administrator/grad/SALT/src/verification/lean/.lake/build/lib/lean/SALT/Proof/Equivalence.olean -i /Users/administrator/grad/SALT/src/verification/lean/.lake/build/lib/lean/SALT/Proof/Equivalence.ilean -c /Users/administrator/grad/SALT/src/verification/lean/.lake/build/ir/SALT/Proof/Equivalence.c --setup /Users/administrator/grad/SALT/src/verification/lean/.lake/build/ir/SALT/Proof/Equivalence.setup.json --json",
   "level": "trace"}],
 "inputs":
 [["SALT.Proof.Equivalence:deps",
   [["deps",
     [["SALT/SALT:extraDep", [["@SALT:extraDep", "00000000000006bb"]]],
      ["imports",
       [["SALT.Proof.IterationEquiv transitive imports (legacy)",
         "75d20af33305a690"],
        ["SALT.Proof.IterationEquiv:importAllArts", "2efadf8240e41878"],
        ["SALT.Proof.ChunkEquiv transitive imports (legacy)",
         "8948671fc45f62a7"],
        ["SALT.Proof.ChunkEquiv:importAllArts", "d0760bb528363ad9"],
        ["SALT.Kernel.Neon transitive imports (legacy)", "a9fe0110e2baf418"],
        ["SALT.Kernel.Neon:importAllArts", "e31b86865c58adbd"],
        ["SALT.Kernel.RVV transitive imports (legacy)", "1d1b57c5595da135"],
        ["SALT.Kernel.RVV:importAllArts", "fb9b2252a7719b70"]]]]],
    ["libs",
     [["import dynlibs", "00000000000006bb"],
      ["package external libraries", "00000000000006bb"],
      ["module dynlibs", "00000000000006bb"],
      ["module plugins", "00000000000006bb"]]]]],
  ["Lean 4.29.0, commit 98dc76e3c0a9b856c9b98726b713fb04fab16740",
   "60bb08ef22408c8a"],
  ["/Users/administrator/grad/SALT/src/verification/lean/SALT/Proof/Equivalence.lean",
   "a1c44cc0dd743726"],
  ["options", [["-DautoImplicit=false", "4a85acb881fd49d0"]]],
  ["isModule: false", "feefd2a0d3a1847e"],
  ["Module.name: SALT.Proof.Equivalence", "669490760d0487b1"],
  ["Package.id?: (some SALT)", "0189f20f62037cfa"],
  ["Module.leanArgs: #[]", "00000000000006bb"]],
 "depHash": "c4b635fbd43ffcad"}