{"synthetic": false,
 "schemaVersion": "2025-09-10",
 "outputs":
 {"o": ["7daa5b2a7733395d.olean"],
  "i": "53077a0118a51419.ilean",
  "c": "a2f58fd9c817a3ed.c"},
 "log":
 [{"message":
   ".> LEAN_PATH=/Users/administrator/grad/SALT/src/verification/lean/.lake/build/lib/lean /Users/administrator/.elan/toolchains/leanprover--lean4---v4.29.0/bin/lean /Users/administrator/grad/SALT/src/verification/lean/SALT/Proof/RoundingEquiv.lean -o /Users/administrator/grad/SALT/src/verification/lean/.lake/build/lib/lean/SALT/Proof/RoundingEquiv.olean -i /Users/administrator/grad/SALT/src/verification/lean/.lake/build/lib/lean/SALT/Proof/RoundingEquiv.ilean -c /Users/administrator/grad/SALT/src/verification/lean/.lake/build/ir/SALT/Proof/RoundingEquiv.c --setup /Users/administrator/grad/SALT/src/verification/lean/.lake/build/ir/SALT/Proof/RoundingEquiv.setup.json --json",
   "level": "trace"}],
 "inputs":
 [["SALT.Proof.RoundingEquiv:deps",
   [["deps",
     [["SALT/SALT:extraDep", [["@SALT:extraDep", "00000000000006bb"]]],
      ["imports",
       [["SALT.Intrinsics.Neon transitive imports (legacy)",
         "c5c008c78efadde5"],
        ["SALT.Intrinsics.Neon:importAllArts", "22d191ddf54b9982"],
        ["SALT.Intrinsics.RVV transitive imports (legacy)", "c5c008c78efadde5"],
        ["SALT.Intrinsics.RVV:importAllArts", "ea1dea51d0d4b6a2"]]]]],
    ["libs",
     [["import dynlibs", "00000000000006bb"],
      ["package external libraries", "00000000000006bb"],
      ["module dynlibs", "00000000000006bb"],
      ["module plugins", "00000000000006bb"]]]]],
  ["Lean 4.29.0, commit 98dc76e3c0a9b856c9b98726b713fb04fab16740",
   "60bb08ef22408c8a"],
  ["/Users/administrator/grad/SALT/src/verification/lean/SALT/Proof/RoundingEquiv.lean",
   "cff8b5b8ef33a315"],
  ["options", [["-DautoImplicit=false", "4a85acb881fd49d0"]]],
  ["isModule: false", "feefd2a0d3a1847e"],
  ["Module.name: SALT.Proof.RoundingEquiv", "407e3a67f08092f4"],
  ["Package.id?: (some SALT)", "0189f20f62037cfa"],
  ["Module.leanArgs: #[]", "00000000000006bb"]],
 "depHash": "ac06772917758205"}