{"synthetic": false,
 "schemaVersion": "2025-09-10",
 "outputs":
 {"o": ["66d54665163c32ba.olean"],
  "i": "bc12291ea6f4ef58.ilean",
  "c": "8626905fd9b22c68.c"},
 "log":
 [{"message":
   ".> LEAN_PATH=/Users/administrator/grad/SALT/src/verification/lean/.lake/build/lib/lean /Users/administrator/.elan/toolchains/leanprover--lean4---v4.29.0/bin/lean /Users/administrator/grad/SALT/src/verification/lean/SALT/Kernel/Neon.lean -o /Users/administrator/grad/SALT/src/verification/lean/.lake/build/lib/lean/SALT/Kernel/Neon.olean -i /Users/administrator/grad/SALT/src/verification/lean/.lake/build/lib/lean/SALT/Kernel/Neon.ilean -c /Users/administrator/grad/SALT/src/verification/lean/.lake/build/ir/SALT/Kernel/Neon.c --setup /Users/administrator/grad/SALT/src/verification/lean/.lake/build/ir/SALT/Kernel/Neon.setup.json --json",
   "level": "trace"}],
 "inputs":
 [["SALT.Kernel.Neon:deps",
   [["deps",
     [["SALT/SALT:extraDep", [["@SALT:extraDep", "00000000000006bb"]]],
      ["imports",
       [["SALT.Intrinsics.Neon transitive imports (legacy)",
         "c5c008c78efadde5"],
        ["SALT.Intrinsics.Neon:importAllArts", "22d191ddf54b9982"]]]]],
    ["libs",
     [["import dynlibs", "00000000000006bb"],
      ["package external libraries", "00000000000006bb"],
      ["module dynlibs", "00000000000006bb"],
      ["module plugins", "00000000000006bb"]]]]],
  ["Lean 4.29.0, commit 98dc76e3c0a9b856c9b98726b713fb04fab16740",
   "60bb08ef22408c8a"],
  ["/Users/administrator/grad/SALT/src/verification/lean/SALT/Kernel/Neon.lean",
   "3697545c7329b453"],
  ["options", [["-DautoImplicit=false", "4a85acb881fd49d0"]]],
  ["isModule: false", "feefd2a0d3a1847e"],
  ["Module.name: SALT.Kernel.Neon", "cc5d9c30b43741cc"],
  ["Package.id?: (some SALT)", "0189f20f62037cfa"],
  ["Module.leanArgs: #[]", "00000000000006bb"]],
 "depHash": "1cd5e0f80d3d45ea"}