{"synthetic": false,
 "schemaVersion": "2025-09-10",
 "outputs":
 {"o": ["c8765d698367376a.olean"],
  "i": "5e5848d2a37f0df6.ilean",
  "c": "d0f03c2cca06970a.c"},
 "log":
 [{"message":
   ".> LEAN_PATH=/Users/administrator/grad/SALT/src/verification/lean/.lake/build/lib/lean /Users/administrator/.elan/toolchains/leanprover--lean4---v4.29.0/bin/lean /Users/administrator/grad/SALT/src/verification/lean/SALT/Kernel/RVV.lean -o /Users/administrator/grad/SALT/src/verification/lean/.lake/build/lib/lean/SALT/Kernel/RVV.olean -i /Users/administrator/grad/SALT/src/verification/lean/.lake/build/lib/lean/SALT/Kernel/RVV.ilean -c /Users/administrator/grad/SALT/src/verification/lean/.lake/build/ir/SALT/Kernel/RVV.c --setup /Users/administrator/grad/SALT/src/verification/lean/.lake/build/ir/SALT/Kernel/RVV.setup.json --json",
   "level": "trace"}],
 "inputs":
 [["SALT.Kernel.RVV:deps",
   [["deps",
     [["SALT/SALT:extraDep", [["@SALT:extraDep", "00000000000006bb"]]],
      ["imports",
       [["SALT.Intrinsics.RVV transitive imports (legacy)", "c5c008c78efadde5"],
        ["SALT.Intrinsics.RVV:importAllArts", "ea1dea51d0d4b6a2"]]]]],
    ["libs",
     [["import dynlibs", "00000000000006bb"],
      ["package external libraries", "00000000000006bb"],
      ["module dynlibs", "00000000000006bb"],
      ["module plugins", "00000000000006bb"]]]]],
  ["Lean 4.29.0, commit 98dc76e3c0a9b856c9b98726b713fb04fab16740",
   "60bb08ef22408c8a"],
  ["/Users/administrator/grad/SALT/src/verification/lean/SALT/Kernel/RVV.lean",
   "8d4f10a0c480a9a8"],
  ["options", [["-DautoImplicit=false", "4a85acb881fd49d0"]]],
  ["isModule: false", "feefd2a0d3a1847e"],
  ["Module.name: SALT.Kernel.RVV", "2109504eee4cb090"],
  ["Package.id?: (some SALT)", "0189f20f62037cfa"],
  ["Module.leanArgs: #[]", "00000000000006bb"]],
 "depHash": "63c53cf02a96741e"}