{"synthetic": false,
 "schemaVersion": "2025-09-10",
 "outputs":
 {"o": ["39efba2302838f99.olean"],
  "i": "246422fb4aeef22c.ilean",
  "c": "a30baff9ff8d1398.c"},
 "log":
 [{"message":
   ".> LEAN_PATH=/Users/administrator/grad/SALT/src/verification/lean/.lake/build/lib/lean /Users/administrator/.elan/toolchains/leanprover--lean4---v4.29.0/bin/lean /Users/administrator/grad/SALT/src/verification/lean/SALT.lean -o /Users/administrator/grad/SALT/src/verification/lean/.lake/build/lib/lean/SALT.olean -i /Users/administrator/grad/SALT/src/verification/lean/.lake/build/lib/lean/SALT.ilean -c /Users/administrator/grad/SALT/src/verification/lean/.lake/build/ir/SALT.c --setup /Users/administrator/grad/SALT/src/verification/lean/.lake/build/ir/SALT.setup.json --json",
   "level": "trace"}],
 "inputs":
 [["SALT:deps",
   [["deps",
     [["SALT/SALT:extraDep", [["@SALT:extraDep", "00000000000006bb"]]],
      ["imports",
       [["SALT.Basic transitive imports (legacy)", "00000000000006bb"],
        ["SALT.Basic:importAllArts", "be138d99368e9568"],
        ["SALT.Params transitive imports (legacy)", "1c6355860863dca6"],
        ["SALT.Params:importAllArts", "7e355ea53426e4ef"],
        ["SALT.Intrinsics.Neon transitive imports (legacy)",
         "c5c008c78efadde5"],
        ["SALT.Intrinsics.Neon:importAllArts", "22d191ddf54b9982"],
        ["SALT.Intrinsics.RVV transitive imports (legacy)", "c5c008c78efadde5"],
        ["SALT.Intrinsics.RVV:importAllArts", "ea1dea51d0d4b6a2"],
        ["SALT.Kernel.Neon transitive imports (legacy)", "a9fe0110e2baf418"],
        ["SALT.Kernel.Neon:importAllArts", "e31b86865c58adbd"],
        ["SALT.Kernel.RVV transitive imports (legacy)", "1d1b57c5595da135"],
        ["SALT.Kernel.RVV:importAllArts", "fb9b2252a7719b70"],
        ["SALT.Proof.RoundingEquiv transitive imports (legacy)",
         "318c6fcc501ed496"],
        ["SALT.Proof.RoundingEquiv:importAllArts", "dab6e9ebbe30e01e"],
        ["SALT.Proof.IterationEquiv transitive imports (legacy)",
         "75d20af33305a690"],
        ["SALT.Proof.IterationEquiv:importAllArts", "2efadf8240e41878"],
        ["SALT.Proof.ChunkEquiv transitive imports (legacy)",
         "8948671fc45f62a7"],
        ["SALT.Proof.ChunkEquiv:importAllArts", "d0760bb528363ad9"],
        ["SALT.Proof.Equivalence transitive imports (legacy)",
         "71ce6207495a2a6b"],
        ["SALT.Proof.Equivalence:importAllArts", "284117f7dfc63809"]]]]],
    ["libs",
     [["import dynlibs", "00000000000006bb"],
      ["package external libraries", "00000000000006bb"],
      ["module dynlibs", "00000000000006bb"],
      ["module plugins", "00000000000006bb"]]]]],
  ["Lean 4.29.0, commit 98dc76e3c0a9b856c9b98726b713fb04fab16740",
   "60bb08ef22408c8a"],
  ["/Users/administrator/grad/SALT/src/verification/lean/SALT.lean",
   "7c1f9029544e5e9c"],
  ["options", [["-DautoImplicit=false", "4a85acb881fd49d0"]]],
  ["isModule: false", "feefd2a0d3a1847e"],
  ["Module.name: SALT", "2b3bffabf662560f"],
  ["Package.id?: (some SALT)", "0189f20f62037cfa"],
  ["Module.leanArgs: #[]", "00000000000006bb"]],
 "depHash": "2bd15f153590c7e8"}