{"synthetic": false,
 "schemaVersion": "2025-09-10",
 "outputs":
 {"o": ["687299a944791eab.olean"],
  "i": "4b8a43f8c1ad805d.ilean",
  "c": "342e24d57bec34f2.c"},
 "log":
 [{"message":
   ".> LEAN_PATH=/Users/administrator/grad/SALT/src/verification/lean/.lake/build/lib/lean /Users/administrator/.elan/toolchains/leanprover--lean4---v4.29.0/bin/lean /Users/administrator/grad/SALT/src/verification/lean/SALT/Basic.lean -o /Users/administrator/grad/SALT/src/verification/lean/.lake/build/lib/lean/SALT/Basic.olean -i /Users/administrator/grad/SALT/src/verification/lean/.lake/build/lib/lean/SALT/Basic.ilean -c /Users/administrator/grad/SALT/src/verification/lean/.lake/build/ir/SALT/Basic.c --setup /Users/administrator/grad/SALT/src/verification/lean/.lake/build/ir/SALT/Basic.setup.json --json",
   "level": "trace"}],
 "inputs":
 [["SALT.Basic:deps",
   [["deps",
     [["SALT/SALT:extraDep", [["@SALT:extraDep", "00000000000006bb"]]],
      ["imports", "00000000000006bb"]]],
    ["libs",
     [["import dynlibs", "00000000000006bb"],
      ["package external libraries", "00000000000006bb"],
      ["module dynlibs", "00000000000006bb"],
      ["module plugins", "00000000000006bb"]]]]],
  ["Lean 4.29.0, commit 98dc76e3c0a9b856c9b98726b713fb04fab16740",
   "60bb08ef22408c8a"],
  ["/Users/administrator/grad/SALT/src/verification/lean/SALT/Basic.lean",
   "9fa8568782a7adbe"],
  ["options", [["-DautoImplicit=false", "4a85acb881fd49d0"]]],
  ["isModule: false", "feefd2a0d3a1847e"],
  ["Module.name: SALT.Basic", "fab22bd37b38353c"],
  ["Package.id?: (some SALT)", "0189f20f62037cfa"],
  ["Module.leanArgs: #[]", "00000000000006bb"]],
 "depHash": "cdfaad21f6cf525e"}