{"synthetic": false,
 "schemaVersion": "2025-09-10",
 "outputs":
 {"o": ["952a2233b6127f39.olean"],
  "i": "6817dec813bd1cf5.ilean",
  "c": "63abff1256f9256b.c"},
 "log":
 [{"message":
   ".> LEAN_PATH=/Users/administrator/grad/SALT/src/verification/lean/.lake/build/lib/lean /Users/administrator/.elan/toolchains/leanprover--lean4---v4.29.0/bin/lean /Users/administrator/grad/SALT/src/verification/lean/SALT/Params.lean -o /Users/administrator/grad/SALT/src/verification/lean/.lake/build/lib/lean/SALT/Params.olean -i /Users/administrator/grad/SALT/src/verification/lean/.lake/build/lib/lean/SALT/Params.ilean -c /Users/administrator/grad/SALT/src/verification/lean/.lake/build/ir/SALT/Params.c --setup /Users/administrator/grad/SALT/src/verification/lean/.lake/build/ir/SALT/Params.setup.json --json",
   "level": "trace"}],
 "inputs":
 [["SALT.Params:deps",
   [["deps",
     [["SALT/SALT:extraDep", [["@SALT:extraDep", "00000000000006bb"]]],
      ["imports",
       [["SALT.Basic transitive imports (legacy)", "00000000000006bb"],
        ["SALT.Basic:importAllArts", "be138d99368e9568"]]]]],
    ["libs",
     [["import dynlibs", "00000000000006bb"],
      ["package external libraries", "00000000000006bb"],
      ["module dynlibs", "00000000000006bb"],
      ["module plugins", "00000000000006bb"]]]]],
  ["Lean 4.29.0, commit 98dc76e3c0a9b856c9b98726b713fb04fab16740",
   "60bb08ef22408c8a"],
  ["/Users/administrator/grad/SALT/src/verification/lean/SALT/Params.lean",
   "dd6b55b0a863c5f3"],
  ["options", [["-DautoImplicit=false", "4a85acb881fd49d0"]]],
  ["isModule: false", "feefd2a0d3a1847e"],
  ["Module.name: SALT.Params", "3ff43f5a926f78db"],
  ["Package.id?: (some SALT)", "0189f20f62037cfa"],
  ["Module.leanArgs: #[]", "00000000000006bb"]],
 "depHash": "32957c7c43a2bd5d"}