{"synthetic": false,
 "schemaVersion": "2025-09-10",
 "outputs":
 {"o": ["c0894dc304c57148.olean"],
  "i": "41c2cc7d87af94fa.ilean",
  "c": "19b50d4918c025ab.c"},
 "log":
 [{"message":
   ".> LEAN_PATH=/Users/administrator/grad/SALT/src/verification/lean/.lake/build/lib/lean /Users/administrator/.elan/toolchains/leanprover--lean4---v4.29.0/bin/lean /Users/administrator/grad/SALT/src/verification/lean/SALT/Kernel/QS8VAddC/Equivalence.lean -o /Users/administrator/grad/SALT/src/verification/lean/.lake/build/lib/lean/SALT/Kernel/QS8VAddC/Equivalence.olean -i /Users/administrator/grad/SALT/src/verification/lean/.lake/build/lib/lean/SALT/Kernel/QS8VAddC/Equivalence.ilean -c /Users/administrator/grad/SALT/src/verification/lean/.lake/build/ir/SALT/Kernel/QS8VAddC/Equivalence.c --setup /Users/administrator/grad/SALT/src/verification/lean/.lake/build/ir/SALT/Kernel/QS8VAddC/Equivalence.setup.json --json",
   "level": "trace"}],
 "inputs":
 [["SALT.Kernel.QS8VAddC.Equivalence:deps",
   [["deps",
     [["SALT/SALT:extraDep", [["@SALT:extraDep", "00000000000006bb"]]],
      ["imports",
       [["SALT.Kernel.QS8VAddC.Neon transitive imports (legacy)",
         "824fad33a59ff300"],
        ["SALT.Kernel.QS8VAddC.Neon:importAllArts", "03c45aa9a493056d"],
        ["SALT.Kernel.QS8VAddC.RVV transitive imports (legacy)",
         "698518aa3734875e"],
        ["SALT.Kernel.QS8VAddC.RVV:importAllArts", "46123ecdfa74b3ba"],
        ["SALT.Proof.RoundingEquiv transitive imports (legacy)",
         "f9c990be4dc45ccd"],
        ["SALT.Proof.RoundingEquiv:importAllArts", "dab6e9ebbe30e01e"]]]]],
    ["libs",
     [["import dynlibs", "00000000000006bb"],
      ["package external libraries", "00000000000006bb"],
      ["module dynlibs", "00000000000006bb"],
      ["module plugins", "00000000000006bb"]]]]],
  ["Lean 4.29.0, commit 98dc76e3c0a9b856c9b98726b713fb04fab16740",
   "60bb08ef22408c8a"],
  ["/Users/administrator/grad/SALT/src/verification/lean/SALT/Kernel/QS8VAddC/Equivalence.lean",
   "e599664ca2956fc3"],
  ["options", [["-DautoImplicit=false", "4a85acb881fd49d0"]]],
  ["isModule: false", "feefd2a0d3a1847e"],
  ["Module.name: SALT.Kernel.QS8VAddC.Equivalence", "79ff21b96a4827ac"],
  ["Package.id?: (some SALT)", "0189f20f62037cfa"],
  ["Module.leanArgs: #[]", "00000000000006bb"]],
 "depHash": "d9c81875a4946596"}