{"synthetic": false,
 "schemaVersion": "2025-09-10",
 "outputs":
 {"o": ["fb41549494fb08e4.olean"],
  "i": "a0c6b2b5829cc1a3.ilean",
  "c": "a3d1d1518c22001c.c"},
 "log":
 [{"message":
   ".> LEAN_PATH=/Users/administrator/grad/SALT/src/verification/lean/.lake/build/lib/lean /Users/administrator/.elan/toolchains/leanprover--lean4---v4.29.0/bin/lean /Users/administrator/grad/SALT/src/verification/lean/SALT/Kernel/QS8VAdd/Equivalence.lean -o /Users/administrator/grad/SALT/src/verification/lean/.lake/build/lib/lean/SALT/Kernel/QS8VAdd/Equivalence.olean -i /Users/administrator/grad/SALT/src/verification/lean/.lake/build/lib/lean/SALT/Kernel/QS8VAdd/Equivalence.ilean -c /Users/administrator/grad/SALT/src/verification/lean/.lake/build/ir/SALT/Kernel/QS8VAdd/Equivalence.c --setup /Users/administrator/grad/SALT/src/verification/lean/.lake/build/ir/SALT/Kernel/QS8VAdd/Equivalence.setup.json --json",
   "level": "trace"}],
 "inputs":
 [["SALT.Kernel.QS8VAdd.Equivalence:deps",
   [["deps",
     [["SALT/SALT:extraDep", [["@SALT:extraDep", "00000000000006bb"]]],
      ["imports",
       [["SALT.Kernel.QS8VAdd.Neon transitive imports (legacy)",
         "824fad33a59ff300"],
        ["SALT.Kernel.QS8VAdd.Neon:importAllArts", "4f5ae95173baf237"],
        ["SALT.Kernel.QS8VAdd.RVV transitive imports (legacy)",
         "698518aa3734875e"],
        ["SALT.Kernel.QS8VAdd.RVV:importAllArts", "72e038b90a04d2bf"],
        ["SALT.Proof.RoundingEquiv transitive imports (legacy)",
         "f9c990be4dc45ccd"],
        ["SALT.Proof.RoundingEquiv:importAllArts", "dab6e9ebbe30e01e"]]]]],
    ["libs",
     [["import dynlibs", "00000000000006bb"],
      ["package external libraries", "00000000000006bb"],
      ["module dynlibs", "00000000000006bb"],
      ["module plugins", "00000000000006bb"]]]]],
  ["Lean 4.29.0, commit 98dc76e3c0a9b856c9b98726b713fb04fab16740",
   "60bb08ef22408c8a"],
  ["/Users/administrator/grad/SALT/src/verification/lean/SALT/Kernel/QS8VAdd/Equivalence.lean",
   "29372a740041dfd4"],
  ["options", [["-DautoImplicit=false", "4a85acb881fd49d0"]]],
  ["isModule: false", "feefd2a0d3a1847e"],
  ["Module.name: SALT.Kernel.QS8VAdd.Equivalence", "3d51d8af8e82b879"],
  ["Package.id?: (some SALT)", "0189f20f62037cfa"],
  ["Module.leanArgs: #[]", "00000000000006bb"]],
 "depHash": "78b5f1ceb5ad9d4d"}