{"synthetic": false,
 "schemaVersion": "2025-09-10",
 "outputs":
 {"o": ["867adddff7a26827.olean"],
  "i": "77b27ecc57212c61.ilean",
  "c": "75ae5a63896d92d5.c"},
 "log":
 [{"message":
   ".> LEAN_PATH=/Users/administrator/grad/SALT/src/verification/lean/.lake/build/lib/lean /Users/administrator/.elan/toolchains/leanprover--lean4---v4.29.0/bin/lean /Users/administrator/grad/SALT/src/verification/lean/SALT/Kernel/QS8VAdd/Neon.lean -o /Users/administrator/grad/SALT/src/verification/lean/.lake/build/lib/lean/SALT/Kernel/QS8VAdd/Neon.olean -i /Users/administrator/grad/SALT/src/verification/lean/.lake/build/lib/lean/SALT/Kernel/QS8VAdd/Neon.ilean -c /Users/administrator/grad/SALT/src/verification/lean/.lake/build/ir/SALT/Kernel/QS8VAdd/Neon.c --setup /Users/administrator/grad/SALT/src/verification/lean/.lake/build/ir/SALT/Kernel/QS8VAdd/Neon.setup.json --json",
   "level": "trace"}],
 "inputs":
 [["SALT.Kernel.QS8VAdd.Neon:deps",
   [["deps",
     [["SALT/SALT:extraDep", [["@SALT:extraDep", "00000000000006bb"]]],
      ["imports",
       [["SALT.Intrinsics.Neon transitive imports (legacy)",
         "ead7d9bfb281b71d"],
        ["SALT.Intrinsics.Neon:importAllArts", "e86e4663bf8a751a"],
        ["SALT.Kernel.QS8.Params transitive imports (legacy)",
         "ead7d9bfb281b71d"],
        ["SALT.Kernel.QS8.Params:importAllArts", "eadb5fabc208fbfa"]]]]],
    ["libs",
     [["import dynlibs", "00000000000006bb"],
      ["package external libraries", "00000000000006bb"],
      ["module dynlibs", "00000000000006bb"],
      ["module plugins", "00000000000006bb"]]]]],
  ["Lean 4.29.0, commit 98dc76e3c0a9b856c9b98726b713fb04fab16740",
   "60bb08ef22408c8a"],
  ["/Users/administrator/grad/SALT/src/verification/lean/SALT/Kernel/QS8VAdd/Neon.lean",
   "864c4f893af891fa"],
  ["options", [["-DautoImplicit=false", "4a85acb881fd49d0"]]],
  ["isModule: false", "feefd2a0d3a1847e"],
  ["Module.name: SALT.Kernel.QS8VAdd.Neon", "7d27d49e15c9bfc6"],
  ["Package.id?: (some SALT)", "0189f20f62037cfa"],
  ["Module.leanArgs: #[]", "00000000000006bb"]],
 "depHash": "221a52594315909a"}