{"synthetic": false,
 "schemaVersion": "2025-09-10",
 "outputs":
 {"o": ["94ba721e2654d306.olean"],
  "i": "542e051af307e046.ilean",
  "c": "e8ce84e73a70e559.c"},
 "log":
 [{"message":
   ".> LEAN_PATH=/Users/administrator/grad/SALT/src/verification/lean/.lake/build/lib/lean /Users/administrator/.elan/toolchains/leanprover--lean4---v4.29.0/bin/lean /Users/administrator/grad/SALT/src/verification/lean/SALT/Intrinsics/Neon.lean -o /Users/administrator/grad/SALT/src/verification/lean/.lake/build/lib/lean/SALT/Intrinsics/Neon.olean -i /Users/administrator/grad/SALT/src/verification/lean/.lake/build/lib/lean/SALT/Intrinsics/Neon.ilean -c /Users/administrator/grad/SALT/src/verification/lean/.lake/build/ir/SALT/Intrinsics/Neon.c --setup /Users/administrator/grad/SALT/src/verification/lean/.lake/build/ir/SALT/Intrinsics/Neon.setup.json --json",
   "level": "trace"}],
 "inputs":
 [["SALT.Intrinsics.Neon:deps",
   [["deps",
     [["SALT/SALT:extraDep", [["@SALT:extraDep", "00000000000006bb"]]],
      ["imports",
       [["SALT.Basic transitive imports (legacy)", "00000000000006bb"],
        ["SALT.Basic:importAllArts", "be138d99368e9568"],
        ["SALT.Params transitive imports (legacy)", "1c6355860863dca6"],
        ["SALT.Params:importAllArts", "7e355ea53426e4ef"]]]]],
    ["libs",
     [["import dynlibs", "00000000000006bb"],
      ["package external libraries", "00000000000006bb"],
      ["module dynlibs", "00000000000006bb"],
      ["module plugins", "00000000000006bb"]]]]],
  ["Lean 4.29.0, commit 98dc76e3c0a9b856c9b98726b713fb04fab16740",
   "60bb08ef22408c8a"],
  ["/Users/administrator/grad/SALT/src/verification/lean/SALT/Intrinsics/Neon.lean",
   "f70dab8ff67559a0"],
  ["options", [["-DautoImplicit=false", "4a85acb881fd49d0"]]],
  ["isModule: false", "feefd2a0d3a1847e"],
  ["Module.name: SALT.Intrinsics.Neon", "7c719fb473eefa7a"],
  ["Package.id?: (some SALT)", "0189f20f62037cfa"],
  ["Module.leanArgs: #[]", "00000000000006bb"]],
 "depHash": "cf5ada59676c7ede"}