{"synthetic": false,
 "schemaVersion": "2025-09-10",
 "outputs":
 {"o": ["4f83ca7ba1e66ba2.olean"],
  "i": "f5dbff5173afd72c.ilean",
  "c": "61e83581637a6e1d.c"},
 "log":
 [{"message":
   ".> LEAN_PATH=/Users/administrator/grad/SALT/src/verification/lean/.lake/build/lib/lean /Users/administrator/.elan/toolchains/leanprover--lean4---v4.29.0/bin/lean /Users/administrator/grad/SALT/src/verification/lean/SALT/Intrinsics/RVV.lean -o /Users/administrator/grad/SALT/src/verification/lean/.lake/build/lib/lean/SALT/Intrinsics/RVV.olean -i /Users/administrator/grad/SALT/src/verification/lean/.lake/build/lib/lean/SALT/Intrinsics/RVV.ilean -c /Users/administrator/grad/SALT/src/verification/lean/.lake/build/ir/SALT/Intrinsics/RVV.c --setup /Users/administrator/grad/SALT/src/verification/lean/.lake/build/ir/SALT/Intrinsics/RVV.setup.json --json",
   "level": "trace"}],
 "inputs":
 [["SALT.Intrinsics.RVV:deps",
   [["deps",
     [["SALT/SALT:extraDep", [["@SALT:extraDep", "00000000000006bb"]]],
      ["imports",
       [["SALT.Basic transitive imports (legacy)", "00000000000006bb"],
        ["SALT.Basic:importAllArts", "ff08720dd75f5463"]]]]],
    ["libs",
     [["import dynlibs", "00000000000006bb"],
      ["package external libraries", "00000000000006bb"],
      ["module dynlibs", "00000000000006bb"],
      ["module plugins", "00000000000006bb"]]]]],
  ["Lean 4.29.0, commit 98dc76e3c0a9b856c9b98726b713fb04fab16740",
   "60bb08ef22408c8a"],
  ["/Users/administrator/grad/SALT/src/verification/lean/SALT/Intrinsics/RVV.lean",
   "9dbb1b3dfae86ca3"],
  ["options", [["-DautoImplicit=false", "4a85acb881fd49d0"]]],
  ["isModule: false", "feefd2a0d3a1847e"],
  ["Module.name: SALT.Intrinsics.RVV", "7771fd39d9a76c5f"],
  ["Package.id?: (some SALT)", "0189f20f62037cfa"],
  ["Module.leanArgs: #[]", "00000000000006bb"]],
 "depHash": "afe5f73efb1e7921"}