{"synthetic": false,
 "schemaVersion": "2025-09-10",
 "outputs":
 {"o": ["6659ccb2d8d0f16c.olean"],
  "i": "dd7e616d54618c29.ilean",
  "c": "b88bfd7a195e4a06.c"},
 "log":
 [{"message":
   ".> LEAN_PATH=/Users/administrator/grad/SALT/src/verification/lean/.lake/build/lib/lean /Users/administrator/.elan/toolchains/leanprover--lean4---v4.29.0/bin/lean /Users/administrator/grad/SALT/src/verification/lean/SALT/Kernel/QS8VAddC/RVV.lean -o /Users/administrator/grad/SALT/src/verification/lean/.lake/build/lib/lean/SALT/Kernel/QS8VAddC/RVV.olean -i /Users/administrator/grad/SALT/src/verification/lean/.lake/build/lib/lean/SALT/Kernel/QS8VAddC/RVV.ilean -c /Users/administrator/grad/SALT/src/verification/lean/.lake/build/ir/SALT/Kernel/QS8VAddC/RVV.c --setup /Users/administrator/grad/SALT/src/verification/lean/.lake/build/ir/SALT/Kernel/QS8VAddC/RVV.setup.json --json",
   "level": "trace"}],
 "inputs":
 [["SALT.Kernel.QS8VAddC.RVV:deps",
   [["deps",
     [["SALT/SALT:extraDep", [["@SALT:extraDep", "00000000000006bb"]]],
      ["imports",
       [["SALT.Intrinsics.RVV transitive imports (legacy)", "ead7d9bfb281b71d"],
        ["SALT.Intrinsics.RVV:importAllArts", "564f71f1cf07c9c3"],
        ["SALT.Kernel.QS8.Params transitive imports (legacy)",
         "ead7d9bfb281b71d"],
        ["SALT.Kernel.QS8.Params:importAllArts", "eadb5fabc208fbfa"]]]]],
    ["libs",
     [["import dynlibs", "00000000000006bb"],
      ["package external libraries", "00000000000006bb"],
      ["module dynlibs", "00000000000006bb"],
      ["module plugins", "00000000000006bb"]]]]],
  ["Lean 4.29.0, commit 98dc76e3c0a9b856c9b98726b713fb04fab16740",
   "60bb08ef22408c8a"],
  ["/Users/administrator/grad/SALT/src/verification/lean/SALT/Kernel/QS8VAddC/RVV.lean",
   "9b85a37e3077abc3"],
  ["options", [["-DautoImplicit=false", "4a85acb881fd49d0"]]],
  ["isModule: false", "feefd2a0d3a1847e"],
  ["Module.name: SALT.Kernel.QS8VAddC.RVV", "a1db22dbb3914e3d"],
  ["Package.id?: (some SALT)", "0189f20f62037cfa"],
  ["Module.leanArgs: #[]", "00000000000006bb"]],
 "depHash": "8c11a514b46c443b"}